<?xml version="1.0" encoding="UTF-8"?>
<robot generator="Robot 7.2.2 (Python 3.13.2 on win32)" generated="2025-03-28T17:11:12.222971" rpa="false" schemaversion="5">
<suite id="s1" name="Demo" source="D:\workspace_rpa3\tango-rpa\temp\20250328_171111\account_2\demo.robot">
<test id="s1-t1" name="Demo Login Test" line="12">
<kw name="Open Browser" owner="SeleniumLibrary">
<msg time="2025-03-28T17:11:12.770307" level="WARN">exexcutable_path is being deprecated. Please use service to configure the driver's executable_path as per documentation.</msg>
<msg time="2025-03-28T17:11:12.770425" level="INFO">Opening browser 'Chrome' to base url 'https://the-internet.herokuapp.com/login'.</msg>
<msg time="2025-03-28T17:11:12.952354" level="INFO">Cannot capture screenshot because no browser is open.</msg>
<msg time="2025-03-28T17:11:12.952630" level="FAIL">WebDriverException: Message: 'chromedriver.exe' executable may have wrong permissions.
</msg>
<arg>${URL}</arg>
<arg>Chrome</arg>
<arg>executable_path=${CHROMEDRIVER}</arg>
<doc>Opens a new browser instance to the optional ``url``.</doc>
<status status="FAIL" start="2025-03-28T17:11:12.769971" elapsed="0.298474">WebDriverException: Message: 'chromedriver.exe' executable may have wrong permissions.
</status>
</kw>
<kw name="Maximize Browser Window" owner="SeleniumLibrary">
<doc>Maximizes current browser window.</doc>
<status status="NOT RUN" start="2025-03-28T17:11:13.068686" elapsed="0.000042"/>
</kw>
<kw name="Input Text" owner="SeleniumLibrary">
<arg>id:username</arg>
<arg>${USERNAME}</arg>
<doc>Types the given ``text`` into the text field identified by ``locator``.</doc>
<status status="NOT RUN" start="2025-03-28T17:11:13.068826" elapsed="0.000023"/>
</kw>
<kw name="Input Text" owner="SeleniumLibrary">
<arg>id:password</arg>
<arg>${PASSWORD}</arg>
<doc>Types the given ``text`` into the text field identified by ``locator``.</doc>
<status status="NOT RUN" start="2025-03-28T17:11:13.068927" elapsed="0.000021"/>
</kw>
<kw name="Click Button" owner="SeleniumLibrary">
<arg>css:button.radius</arg>
<doc>Clicks the button identified by ``locator``.</doc>
<status status="NOT RUN" start="2025-03-28T17:11:13.069024" elapsed="0.000021"/>
</kw>
<kw name="Sleep" owner="BuiltIn">
<arg>3s</arg>
<doc>Pauses the test executed for the given time.</doc>
<status status="NOT RUN" start="2025-03-28T17:11:13.069116" elapsed="0.000023"/>
</kw>
<kw name="Capture Page Screenshot" owner="SeleniumLibrary">
<doc>Takes a screenshot of the current page and embeds it into a log file.</doc>
<status status="NOT RUN" start="2025-03-28T17:11:13.069209" elapsed="0.000019"/>
</kw>
<kw name="Location Should Contain" owner="SeleniumLibrary">
<arg>/secure</arg>
<doc>Verifies that the current URL contains ``expected``.</doc>
<status status="NOT RUN" start="2025-03-28T17:11:13.069289" elapsed="0.000018"/>
</kw>
<kw name="Close Browser" owner="SeleniumLibrary">
<doc>Closes the current browser.</doc>
<status status="NOT RUN" start="2025-03-28T17:11:13.069370" elapsed="0.000019"/>
</kw>
<status status="FAIL" start="2025-03-28T17:11:12.769103" elapsed="0.300435">WebDriverException: Message: 'chromedriver.exe' executable may have wrong permissions.
</status>
</test>
<doc>Demo 로그인 테스트 (HerokuApp)</doc>
<status status="FAIL" start="2025-03-28T17:11:12.225503" elapsed="0.844407"/>
</suite>
<statistics>
<total>
<stat pass="0" fail="1" skip="0">All Tests</stat>
</total>
<tag>
</tag>
<suite>
<stat name="Demo" id="s1" pass="0" fail="1" skip="0">Demo</stat>
</suite>
</statistics>
<errors>
<msg time="2025-03-28T17:11:12.770307" level="WARN">exexcutable_path is being deprecated. Please use service to configure the driver's executable_path as per documentation.</msg>
</errors>
</robot>
